<?xml version="1.0" encoding="UTF-8"?>
<!-- Generated by org.testng.reporters.JUnitReportReporter -->
<testsuite hostname="DESKTOP-6KH49OM" failures="0" tests="1" name="scripts.TestCase2" time="16.785" errors="0" timestamp="2023-09-06T11:39:20 IST" skipped="0">
  <testcase classname="scripts.TestCase2" name="tc2" time="16.785"/>
</testsuite> <!-- scripts.TestCase2 -->
